<?xml version="1.0" encoding="UTF-8"?>
<!-- Generated by org.testng.reporters.JUnitXMLReporter -->
<testsuite ignored="1" hostname="Rojakishore" failures="0" tests="3" name="Test" time="9.219" errors="0" timestamp="2026-06-18T19:43:26 IST">
  <testcase classname="TestNGAnnotationsDemo" name="openHomePage" time="0.058"/>
  <testcase classname="TestNGAnnotationsDemo" name="navigateToJavaScriptAlerts" time="0.708"/>
  <testcase classname="TestNGAnnotationsDemo" name="addRemoveElement" time="0.978"/>
  <testcase classname="TestNGAnnotationsDemo" name="featureNotReadyYet" time="0.0">
    <ignored/>
  </testcase> <!-- featureNotReadyYet -->
</testsuite> <!-- Test -->
