<?xml version="1.0" encoding="UTF-8"?>
<testsuite xmlns:xsi="http://www.w3.org/2001/XMLSchema-instance" xsi:noNamespaceSchemaLocation="https://maven.apache.org/surefire/maven-surefire-plugin/xsd/surefire-test-report-3.0.xsd" version="3.0" name="TestSuite" time="9.951" tests="3" errors="0" skipped="0" failures="0">
  <properties>
[...]
</properties>
  <testcase name="openHomePage" classname="TestNGAnnotationsDemo" time="0.062">
    <system-out><![CDATA[==> @BeforeSuite : one-time global setup (config, reports, DB pool)
  --> @BeforeTest : runs before all classes inside this <test> tag
    ---> @BeforeClass : launch the browser (one time for this class)
      ----> @BeforeMethod : open base URL (fresh state before EVERY test)
        [TEST] openHomePage  (priority = 1)
        Page title = The Internet
]]></system-out>
    <system-err><![CDATA[SLF4J: Failed to load class "org.slf4j.impl.StaticLoggerBinder".
SLF4J: Defaulting to no-operation (NOP) logger implementation
SLF4J: See http://www.slf4j.org/codes.html#StaticLoggerBinder for further details.
Jun 18, 2026 7:43:19 PM org.openqa.selenium.devtools.CdpVersionFinder findNearestMatch
WARNING: Unable to find an exact match for CDP version 149, returning the closest version; found: 147; Please update to a Selenium version that supports CDP version 149
]]></system-err>
  </testcase>
  <testcase name="navigateToJavaScriptAlerts" classname="TestNGAnnotationsDemo" time="0.707">
    <system-out><![CDATA[      ----> @AfterMethod : per-test cleanup (e.g. screenshot on failure)

      ----> @BeforeMethod : open base URL (fresh state before EVERY test)
        [TEST] navigateToJavaScriptAlerts  (priority = 2, dependsOnMethods = openHomePage)
]]></system-out>
  </testcase>
  <testcase name="addRemoveElement" classname="TestNGAnnotationsDemo" time="0.977">
    <system-out><![CDATA[      ----> @AfterMethod : per-test cleanup (e.g. screenshot on failure)

      ----> @BeforeMethod : open base URL (fresh state before EVERY test)
        [TEST] addRemoveElement  (priority = 4)
]]></system-out>
  </testcase>
</testsuite>