<?xml version="1.0" encoding="UTF-8"?>
<testng-results ignored="0" total="3" passed="3" failed="0" skipped="0">
  <reporter-output>
  </reporter-output>
  <suite started-at="2026-06-18T19:43:17 IST" name="Suite" finished-at="2026-06-18T19:43:26 IST" duration-ms="9219">
    <groups>
    </groups>
    <test started-at="2026-06-18T19:43:17 IST" name="Test" finished-at="2026-06-18T19:43:26 IST" duration-ms="9219">
      <class name="TestNGAnnotationsDemo">
        <test-method is-config="true" signature="beforeSuite()[pri:0, instance:TestNGAnnotationsDemo@74e52303]" started-at="2026-06-18T19:43:17 IST" name="beforeSuite" finished-at="2026-06-18T19:43:17 IST" duration-ms="19" status="PASS">
          <reporter-output>
          </reporter-output>
        </test-method> <!-- beforeSuite -->
        <test-method is-config="true" signature="beforeTest()[pri:0, instance:TestNGAnnotationsDemo@74e52303]" started-at="2026-06-18T19:43:17 IST" name="beforeTest" finished-at="2026-06-18T19:43:17 IST" duration-ms="1" status="PASS">
          <reporter-output>
          </reporter-output>
        </test-method> <!-- beforeTest -->
        <test-method is-config="true" signature="beforeClass()[pri:0, instance:TestNGAnnotationsDemo@74e52303]" started-at="2026-06-18T19:43:17 IST" name="beforeClass" finished-at="2026-06-18T19:43:20 IST" duration-ms="2530" status="PASS">
          <reporter-output>
          </reporter-output>
        </test-method> <!-- beforeClass -->
        <test-method is-config="true" signature="beforeMethod()[pri:0, instance:TestNGAnnotationsDemo@74e52303]" started-at="2026-06-18T19:43:20 IST" name="beforeMethod" finished-at="2026-06-18T19:43:23 IST" duration-ms="3569" status="PASS">
          <reporter-output>
          </reporter-output>
        </test-method> <!-- beforeMethod -->
        <test-method signature="openHomePage()[pri:1, instance:TestNGAnnotationsDemo@74e52303]" started-at="2026-06-18T19:43:23 IST" name="openHomePage" finished-at="2026-06-18T19:43:23 IST" duration-ms="58" status="PASS">
          <reporter-output>
          </reporter-output>
        </test-method> <!-- openHomePage -->
        <test-method is-config="true" signature="afterMethod()[pri:0, instance:TestNGAnnotationsDemo@74e52303]" started-at="2026-06-18T19:43:23 IST" name="afterMethod" finished-at="2026-06-18T19:43:23 IST" duration-ms="8" status="PASS">
          <reporter-output>
          </reporter-output>
        </test-method> <!-- afterMethod -->
        <test-method is-config="true" signature="beforeMethod()[pri:0, instance:TestNGAnnotationsDemo@74e52303]" started-at="2026-06-18T19:43:23 IST" name="beforeMethod" finished-at="2026-06-18T19:43:24 IST" duration-ms="438" status="PASS">
          <reporter-output>
          </reporter-output>
        </test-method> <!-- beforeMethod -->
        <test-method signature="navigateToJavaScriptAlerts()[pri:2, instance:TestNGAnnotationsDemo@74e52303]" started-at="2026-06-18T19:43:24 IST" name="navigateToJavaScriptAlerts" finished-at="2026-06-18T19:43:24 IST" depends-on-methods="TestNGAnnotationsDemo.openHomePage" duration-ms="708" status="PASS">
          <reporter-output>
          </reporter-output>
        </test-method> <!-- navigateToJavaScriptAlerts -->
        <test-method is-config="true" signature="afterMethod()[pri:0, instance:TestNGAnnotationsDemo@74e52303]" started-at="2026-06-18T19:43:24 IST" name="afterMethod" finished-at="2026-06-18T19:43:24 IST" duration-ms="1" status="PASS">
          <reporter-output>
          </reporter-output>
        </test-method> <!-- afterMethod -->
        <test-method is-config="true" signature="beforeMethod()[pri:0, instance:TestNGAnnotationsDemo@74e52303]" started-at="2026-06-18T19:43:24 IST" name="beforeMethod" finished-at="2026-06-18T19:43:25 IST" duration-ms="424" status="PASS">
          <reporter-output>
          </reporter-output>
        </test-method> <!-- beforeMethod -->
        <test-method signature="addRemoveElement()[pri:4, instance:TestNGAnnotationsDemo@74e52303]" started-at="2026-06-18T19:43:25 IST" name="addRemoveElement" finished-at="2026-06-18T19:43:26 IST" duration-ms="978" status="PASS">
          <reporter-output>
          </reporter-output>
        </test-method> <!-- addRemoveElement -->
        <test-method is-config="true" signature="afterMethod()[pri:0, instance:TestNGAnnotationsDemo@74e52303]" started-at="2026-06-18T19:43:26 IST" name="afterMethod" finished-at="2026-06-18T19:43:26 IST" duration-ms="3" status="PASS">
          <reporter-output>
          </reporter-output>
        </test-method> <!-- afterMethod -->
        <test-method is-config="true" signature="afterClass()[pri:0, instance:TestNGAnnotationsDemo@74e52303]" started-at="2026-06-18T19:43:26 IST" name="afterClass" finished-at="2026-06-18T19:43:26 IST" duration-ms="373" status="PASS">
          <reporter-output>
          </reporter-output>
        </test-method> <!-- afterClass -->
        <test-method is-config="true" signature="afterTest()[pri:0, instance:TestNGAnnotationsDemo@74e52303]" started-at="2026-06-18T19:43:26 IST" name="afterTest" finished-at="2026-06-18T19:43:26 IST" duration-ms="1" status="PASS">
          <reporter-output>
          </reporter-output>
        </test-method> <!-- afterTest -->
        <test-method is-config="true" signature="afterSuite()[pri:0, instance:TestNGAnnotationsDemo@74e52303]" started-at="2026-06-18T19:43:26 IST" name="afterSuite" finished-at="2026-06-18T19:43:26 IST" duration-ms="1" status="PASS">
          <reporter-output>
          </reporter-output>
        </test-method> <!-- afterSuite -->
      </class> <!-- TestNGAnnotationsDemo -->
    </test> <!-- Test -->
  </suite> <!-- Suite -->
</testng-results>
