<?xml version="1.0" encoding="UTF-8"?>
<!-- Generated by org.testng.reporters.JUnitReportReporter -->
<testsuite hostname="Rojakishore" failures="0" tests="4" name="TestNGAnnotationsDemo" time="6.187" errors="0" timestamp="2026-06-18T19:43:26 IST" skipped="1">
  <testcase classname="TestNGAnnotationsDemo" name="openHomePage" time="0.485"/>
  <testcase classname="TestNGAnnotationsDemo" name="navigateToJavaScriptAlerts" time="1.147"/>
  <testcase classname="TestNGAnnotationsDemo" name="addRemoveElement" time="4.555"/>
  <testcase classname="TestNGAnnotationsDemo" name="featureNotReadyYet">
    <skipped/>
  </testcase> <!-- featureNotReadyYet -->
</testsuite> <!-- TestNGAnnotationsDemo -->
